2023-01-18 11:33:37.861  INFO 41726 --- [restartedMain] i.g.t.mscards.MscardsApplication         : Starting MscardsApplication using Java 19.0.1 on N1004712 with PID 41726 (/home/taina-fernandes/ProjetosJava/MicroService/mscards/target/classes started by taina-fernandes in /home/taina-fernandes/ProjetosJava/MicroService/mscards)
2023-01-18 11:33:37.863  INFO 41726 --- [restartedMain] i.g.t.mscards.MscardsApplication         : No active profile set, falling back to 1 default profile: "default"
2023-01-18 11:33:38.009  INFO 41726 --- [restartedMain] .e.DevToolsPropertyDefaultsPostProcessor : Devtools property defaults active! Set 'spring.devtools.add-properties' to 'false' to disable
2023-01-18 11:33:38.010  INFO 41726 --- [restartedMain] .e.DevToolsPropertyDefaultsPostProcessor : For additional web related logging consider setting the 'logging.level.web' property to 'DEBUG'
2023-01-18 11:33:40.202  INFO 41726 --- [restartedMain] .s.d.r.c.RepositoryConfigurationDelegate : Bootstrapping Spring Data JPA repositories in DEFAULT mode.
2023-01-18 11:33:40.338  INFO 41726 --- [restartedMain] .s.d.r.c.RepositoryConfigurationDelegate : Finished Spring Data repository scanning in 124 ms. Found 2 JPA repository interfaces.
2023-01-18 11:33:40.605  INFO 41726 --- [restartedMain] o.s.cloud.context.scope.GenericScope     : BeanFactory id=2834dd55-a694-30f2-84a3-e25208fbfef7
2023-01-18 11:33:41.386  INFO 41726 --- [restartedMain] o.s.b.w.embedded.tomcat.TomcatWebServer  : Tomcat initialized with port(s): 0 (http)
2023-01-18 11:33:41.398  INFO 41726 --- [restartedMain] o.apache.catalina.core.StandardService   : Starting service [Tomcat]
2023-01-18 11:33:41.398  INFO 41726 --- [restartedMain] org.apache.catalina.core.StandardEngine  : Starting Servlet engine: [Apache Tomcat/9.0.60]
2023-01-18 11:33:41.514  INFO 41726 --- [restartedMain] o.a.c.c.C.[Tomcat].[localhost].[/]       : Initializing Spring embedded WebApplicationContext
2023-01-18 11:33:41.514  INFO 41726 --- [restartedMain] w.s.c.ServletWebServerApplicationContext : Root WebApplicationContext: initialization completed in 3504 ms
2023-01-18 11:33:41.757  INFO 41726 --- [restartedMain] com.zaxxer.hikari.HikariDataSource       : HikariPool-1 - Starting...
2023-01-18 11:33:41.962  INFO 41726 --- [restartedMain] com.zaxxer.hikari.HikariDataSource       : HikariPool-1 - Start completed.
2023-01-18 11:33:41.975  INFO 41726 --- [restartedMain] o.s.b.a.h2.H2ConsoleAutoConfiguration    : H2 console available at '/h2-console'. Database available at 'jdbc:h2:mem:82510869-5a0b-47fa-ae18-5630ade3c3b8'
2023-01-18 11:33:42.265  INFO 41726 --- [restartedMain] o.hibernate.jpa.internal.util.LogHelper  : HHH000204: Processing PersistenceUnitInfo [name: default]
2023-01-18 11:33:42.310  INFO 41726 --- [restartedMain] org.hibernate.Version                    : HHH000412: Hibernate ORM core version 5.6.7.Final
2023-01-18 11:33:42.429  INFO 41726 --- [restartedMain] o.hibernate.annotations.common.Version   : HCANN000001: Hibernate Commons Annotations {5.1.2.Final}
2023-01-18 11:33:42.505  INFO 41726 --- [restartedMain] org.hibernate.dialect.Dialect            : HHH000400: Using dialect: org.hibernate.dialect.H2Dialect
2023-01-18 11:33:43.195  INFO 41726 --- [restartedMain] o.h.e.t.j.p.i.JtaPlatformInitiator       : HHH000490: Using JtaPlatform implementation: [org.hibernate.engine.transaction.jta.platform.internal.NoJtaPlatform]
2023-01-18 11:33:43.204  INFO 41726 --- [restartedMain] j.LocalContainerEntityManagerFactoryBean : Initialized JPA EntityManagerFactory for persistence unit 'default'
2023-01-18 11:33:43.810  WARN 41726 --- [restartedMain] JpaBaseConfiguration$JpaWebConfiguration : spring.jpa.open-in-view is enabled by default. Therefore, database queries may be performed during view rendering. Explicitly configure spring.jpa.open-in-view to disable this warning
2023-01-18 11:33:45.995  WARN 41726 --- [restartedMain] o.s.b.d.a.OptionalLiveReloadServer       : Unable to start LiveReload server
2023-01-18 11:33:46.264  INFO 41726 --- [restartedMain] DiscoveryClientOptionalArgsConfiguration : Eureka HTTP Client uses RestTemplate.
2023-01-18 11:33:46.361  WARN 41726 --- [restartedMain] iguration$LoadBalancerCaffeineWarnLogger : Spring Cloud LoadBalancer is currently working with the default cache. While this cache implementation is useful for development and tests, it's recommended to use Caffeine cache in production.You can switch to using Caffeine cache, by adding it and org.springframework.cache.caffeine.CaffeineCacheManager to the classpath.
2023-01-18 11:33:46.372  INFO 41726 --- [restartedMain] o.s.b.a.e.web.EndpointLinksResolver      : Exposing 17 endpoint(s) beneath base path '/actuator'
2023-01-18 11:33:46.451  INFO 41726 --- [restartedMain] o.s.b.w.embedded.tomcat.TomcatWebServer  : Tomcat started on port(s): 39367 (http) with context path ''
2023-01-18 11:33:46.453  INFO 41726 --- [restartedMain] .s.c.n.e.s.EurekaAutoServiceRegistration : Updating port to 39367
2023-01-18 11:33:46.458  INFO 41726 --- [restartedMain] o.s.c.n.eureka.InstanceInfoFactory       : Setting initial instance status as: STARTING
2023-01-18 11:33:46.569  INFO 41726 --- [restartedMain] com.netflix.discovery.DiscoveryClient    : Initializing Eureka in region us-east-1
2023-01-18 11:33:46.573  INFO 41726 --- [restartedMain] c.n.d.s.r.aws.ConfigClusterResolver      : Resolving eureka endpoints via configuration
2023-01-18 11:33:46.596  INFO 41726 --- [restartedMain] com.netflix.discovery.DiscoveryClient    : Disable delta property : false
2023-01-18 11:33:46.596  INFO 41726 --- [restartedMain] com.netflix.discovery.DiscoveryClient    : Single vip registry refresh property : null
2023-01-18 11:33:46.596  INFO 41726 --- [restartedMain] com.netflix.discovery.DiscoveryClient    : Force full registry fetch : false
2023-01-18 11:33:46.597  INFO 41726 --- [restartedMain] com.netflix.discovery.DiscoveryClient    : Application is null : false
2023-01-18 11:33:46.597  INFO 41726 --- [restartedMain] com.netflix.discovery.DiscoveryClient    : Registered Applications size is zero : true
2023-01-18 11:33:46.597  INFO 41726 --- [restartedMain] com.netflix.discovery.DiscoveryClient    : Application version is -1: true
2023-01-18 11:33:46.597  INFO 41726 --- [restartedMain] com.netflix.discovery.DiscoveryClient    : Getting all instance registry info from the eureka server
2023-01-18 11:33:47.068  INFO 41726 --- [restartedMain] com.netflix.discovery.DiscoveryClient    : The response status is 200
2023-01-18 11:33:47.075  INFO 41726 --- [restartedMain] com.netflix.discovery.DiscoveryClient    : Starting heartbeat executor: renew interval is: 30
2023-01-18 11:33:47.080  INFO 41726 --- [restartedMain] c.n.discovery.InstanceInfoReplicator     : InstanceInfoReplicator onDemand update allowed rate per min is 4
2023-01-18 11:33:47.086  INFO 41726 --- [restartedMain] com.netflix.discovery.DiscoveryClient    : Discovery Client initialized at timestamp 1674052427085 with initial instances count: 2
2023-01-18 11:33:47.091  INFO 41726 --- [restartedMain] o.s.c.n.e.s.EurekaServiceRegistry        : Registering application MSCARDS with eureka with status UP
2023-01-18 11:33:47.092  INFO 41726 --- [restartedMain] com.netflix.discovery.DiscoveryClient    : Saw local status change event StatusChangeEvent [timestamp=1674052427092, current=UP, previous=STARTING]
2023-01-18 11:33:47.095  INFO 41726 --- [DiscoveryClient-InstanceInfoReplicator-0] com.netflix.discovery.DiscoveryClient    : DiscoveryClient_MSCARDS/mscards:a298a126ea85d8e8f2932ccba9331a3b: registering service...
2023-01-18 11:33:47.223  INFO 41726 --- [DiscoveryClient-InstanceInfoReplicator-0] com.netflix.discovery.DiscoveryClient    : DiscoveryClient_MSCARDS/mscards:a298a126ea85d8e8f2932ccba9331a3b - registration status: 204
2023-01-18 11:33:47.317  INFO 41726 --- [restartedMain] o.s.a.r.c.CachingConnectionFactory       : Attempting to connect to: [localhost:5672]
2023-01-18 11:33:47.433  INFO 41726 --- [restartedMain] o.s.a.r.c.CachingConnectionFactory       : Created new connection: rabbitConnectionFactory#4a6918f5:0/SimpleConnection@7445ce04 [delegate=amqp://guest@127.0.0.1:5672/, localPort= 46804]
2023-01-18 11:33:47.545  INFO 41726 --- [restartedMain] i.g.t.mscards.MscardsApplication         : Started MscardsApplication in 11.024 seconds (JVM running for 11.635)
2023-01-18 11:34:18.578  INFO 41726 --- [http-nio-auto-1-exec-1] o.a.c.c.C.[Tomcat].[localhost].[/]       : Initializing Spring DispatcherServlet 'dispatcherServlet'
2023-01-18 11:34:18.579  INFO 41726 --- [http-nio-auto-1-exec-1] o.s.web.servlet.DispatcherServlet        : Initializing Servlet 'dispatcherServlet'
2023-01-18 11:34:18.584  INFO 41726 --- [http-nio-auto-1-exec-1] o.s.web.servlet.DispatcherServlet        : Completed initialization in 5 ms
2023-01-18 11:34:27.563  INFO 41726 --- [http-nio-auto-1-exec-1] o.springdoc.api.AbstractOpenApiResource  : Init duration for springdoc-openapi is: 237 ms
